     1                                  ;Andy Cao - 888500782 - May 20, 2021
     2                                  ;****************************************************************************************************************************
     3                                  ;Program name: create an array and sum  
     4                                  ;This program is use to make an array and sum by creating the multiple assembly file *
     5                                  ;Programming Language:x86Assembly
     6                                  ; Program Description: This program asks a user to input floating point into array and 
     7                                  ; return the sum of the array.
     8                                  ;********************************************************************************************
     9                                  ; Copyright (C) 2020                                                    *
    10                                  ; This program is free software: you can redistribute it and/or modify it under the terms   *
    11                                  ; of the GNU General Public License version 3 as published by the Free Software Foundation. *
    12                                  ; This program is distributed in the hope that it will be useful, but WITHOUT ANY WARRANTY  *
    13                                  ; without even the implied Warranty of MERCHANTABILITY or FITNESS FOR A PARTICULAR PURPOSE. *
    14                                  ; See the GNU General Public License for more details. A copy of the GNU General Public     *
    15                                  ; License v3 is available here:  <https://www.gnu.org/licenses/>.  
    16                                  ;                          
    17                                  ;****************************************************************************************************************************
    18                                  
    19                                  ;========1=========2=========3=========4=========5=========6=========7=========8=========9=========0=========1=========2=========3**
    20                                  ;
    21                                  ;Author information
    22                                  ;  Author name: Andy Cao
    23                                  ;  Author email: dongyicao123@csu.fullerton.edu
    24                                  ;
    25                                  ;Program information
    26                                  ;  Program name: sum of array
    27                                  ;  Programming languages: One modules in C, one module in C++ and three module in X86
    28                                  ;  Date program began: 2021-May-10
    29                                  ;  Date of last update: 2021-May-20
    30                                  ;  Date of reorganization of comments: 2020-May-20
    31                                  ;  Status: Finished.  The program was tested extensively with no errors in Xubuntu19.04.
    32                                  ;
    33                                  ;This file
    34                                  ;   File name: cal_harmonic.asm
    35                                  ;   Language: X86 with Intel syntax.
    36                                  ;   Max page width: 106 columns
    37                                  ;===== Begin code area =======================================================================================================
    38                                  extern printf 
    39                                  extern scanf
    40                                  global cal_harmonic
    41                                  segment .data
    42                                      
    43                                  segment .bss
    44                                  
    45                                  segment .text
    46                                  
    47                                  cal_harmonic:
    48                                  ;Insurance for any caller of this assembly module
    49 00000000 55                            push rbp
    50 00000001 4889E5                        mov rbp, rsp
    51 00000004 57                            push rdi
    52 00000005 56                            push rsi
    53 00000006 52                            push rdx
    54 00000007 51                            push rcx
    55 00000008 4150                          push r8
    56 0000000A 4151                          push r9
    57 0000000C 4152                          push r10
    58 0000000E 4153                          push r11
    59 00000010 4154                          push r12
    60 00000012 4155                          push r13
    61 00000014 4156                          push r14
    62 00000016 4157                          push r15
    63 00000018 53                            push rbx
    64 00000019 9C                            pushf
    65                                  ;-------------------------------------------------------------------------------
    66 0000001A 6A00                        push qword 0	;pushes
    67                                  ;-------------------------------------------------------------------------------
    68 0000001C 4989FE                      mov r14, rdi
    69 0000001F 4989F5                      mov r13, rsi
    70 00000022 41BC00000000                mov r12, 0
    71 00000028 41BB00000000                mov r11, 0
    72 0000002E F24D0F2AF3                  cvtsi2sd xmm14, r11                     ;convert
    73                                  
    74                                  ;-------------------------------------------------------------------------------
    75                                      begin_loop:
    76                                      
    77 00000033 4D39EC                      cmp r12, r13                            ;compare with the max size of array 
    78 00000036 7D1B                        jge end_loop                            ;if reach then quit loop
    79                                  
    80 00000038 41BA01000000                mov r10, 1 
    81 0000003E F24D0F2AEA                  cvtsi2sd xmm13, r10
    82 00000043 F2470F5E2CE6                divsd xmm13, [r14 + 8 * r12]            ; 1/ a + 1/b + 1/c
    83 00000049 F2450F58F5                  addsd xmm14, xmm13                      ; add 
    84 0000004E 49FFC4                      inc r12                                 ;increments counter by 1 
    85                                  
    86 00000051 EBE0                        jmp begin_loop                          ;loop again 
    87                                  ;-------------------------------------------------------------------------------    
    88                                      end_loop:   
    89 00000053 F24D0F2AE4                  cvtsi2sd xmm12, r12
    90 00000058 F2450F5EE6                  divsd xmm12, xmm14
    91 0000005D 58                          pop rax
    92 0000005E F2410F10C4                  movsd xmm0, xmm12                       ;return the sum 
    93                                  ;-------------------------------------------------------------------------------
    94                                  ;Restore original values to integer registers
    95 00000063 9D                            popf
    96 00000064 5B                            pop rbx
    97 00000065 415F                          pop r15
    98 00000067 415E                          pop r14
    99 00000069 415D                          pop r13
   100 0000006B 415C                          pop r12
   101 0000006D 415B                          pop r11
   102 0000006F 415A                          pop r10
   103 00000071 4159                          pop r9
   104 00000073 4158                          pop r8
   105 00000075 59                            pop rcx
   106 00000076 5A                            pop rdx
   107 00000077 5E                            pop rsi
   108 00000078 5F                            pop rdi
   109 00000079 5D                            pop rbp
   110                                  
   111 0000007A C3                            ret
